SF:lib/features/auth/data/datasources/auth_remote_datasource.dart
DA:21,1
DA:26,1
DA:29,2
DA:33,1
DA:34,1
DA:35,1
DA:36,1
DA:37,1
DA:38,1
DA:43,0
DA:48,1
DA:51,2
DA:53,0
DA:58,1
DA:60,4
DA:63,1
DA:64,1
DA:65,1
DA:66,1
DA:67,1
DA:68,1
DA:82,2
DA:83,2
LF:23
LH:21
end_of_record
SF:lib/features/auth/data/models/user_dtos.dart
DA:11,4
DA:23,1
DA:24,1
DA:26,2
DA:27,2
DA:28,2
DA:29,2
DA:30,2
DA:31,2
DA:32,2
DA:33,2
DA:34,2
DA:35,2
DA:36,4
LF:14
LH:14
end_of_record
SF:lib/features/auth/data/models/user_dtos.g.dart
DA:9,1
DA:10,1
DA:11,1
DA:12,1
DA:13,1
DA:14,1
DA:15,1
DA:16,1
DA:17,1
DA:18,1
DA:19,2
DA:20,1
DA:23,1
DA:24,1
DA:25,1
DA:26,1
DA:27,1
DA:28,1
DA:29,1
DA:30,1
DA:31,1
DA:32,1
LF:22
LH:22
end_of_record
SF:lib/features/auth/data/repositories/auth_repository_impl.dart
DA:14,1
DA:16,1
DA:19,2
DA:21,1
DA:23,1
DA:24,1
DA:25,0
DA:27,1
DA:31,1
DA:34,2
DA:35,1
DA:36,1
DA:37,0
DA:39,1
DA:43,1
DA:45,4
DA:46,0
DA:47,2
DA:48,2
DA:49,2
DA:50,1
LF:21
LH:18
end_of_record
SF:lib/features/auth/domain/entities/user.dart
DA:16,0
DA:17,0
DA:18,0
DA:19,0
DA:20,0
DA:22,0
DA:27,14
DA:39,3
DA:50,3
LF:9
LH:3
end_of_record
SF:lib/core.dart
DA:10,0
LF:1
LH:0
end_of_record
SF:lib/services/firestore/firestore_service.dart
DA:10,1
DA:14,1
DA:23,0
DA:28,2
DA:30,0
DA:31,0
DA:32,0
DA:33,0
DA:34,0
DA:35,0
DA:36,0
DA:37,0
DA:38,0
DA:39,0
DA:40,0
DA:41,0
DA:42,0
DA:43,0
DA:44,0
DA:50,0
DA:51,0
DA:54,0
DA:55,0
DA:56,0
DA:60,0
DA:61,0
DA:65,1
DA:66,1
DA:69,1
DA:70,1
DA:71,1
DA:72,1
DA:73,1
DA:74,1
DA:77,1
DA:82,1
DA:83,4
DA:86,1
DA:87,4
DA:90,1
DA:92,4
DA:93,1
DA:96,2
DA:98,1
DA:99,2
DA:104,0
DA:106,0
DA:107,0
DA:109,0
DA:111,0
DA:113,0
DA:131,0
DA:146,0
DA:147,0
DA:148,0
DA:149,0
DA:150,0
DA:151,0
DA:152,0
DA:153,0
DA:154,0
DA:155,0
DA:156,0
DA:157,0
DA:158,0
DA:162,0
DA:163,0
DA:166,0
DA:168,0
DA:169,0
DA:170,0
DA:171,0
DA:172,0
DA:173,0
DA:174,0
DA:175,0
DA:176,0
DA:177,0
DA:178,0
DA:179,0
DA:180,0
DA:189,0
DA:198,0
DA:200,0
DA:201,0
DA:210,0
DA:211,0
DA:212,0
DA:216,0
DA:217,0
DA:221,0
DA:222,0
DA:226,0
DA:229,0
DA:230,0
DA:234,0
DA:235,0
DA:237,0
DA:238,0
DA:240,0
DA:244,0
DA:245,0
DA:246,0
DA:249,0
DA:250,0
LF:105
LH:22
end_of_record
SF:lib/utils/di/injection.dart
DA:3,0
LF:1
LH:0
end_of_record
SF:lib/services/auth/auth_service.dart
DA:10,1
DA:12,1
DA:13,2
DA:17,1
DA:19,1
DA:20,1
DA:21,1
DA:24,2
DA:26,2
DA:29,1
DA:30,2
DA:31,2
DA:32,2
DA:37,1
DA:38,1
DA:39,1
DA:40,3
DA:43,0
DA:44,0
DA:47,0
DA:48,0
DA:50,0
DA:56,1
DA:57,1
DA:60,0
DA:61,0
DA:62,0
DA:63,0
DA:64,0
LF:29
LH:19
end_of_record
SF:lib/features/auth/domain/usecases/login_with_google.dart
DA:13,1
DA:14,1
DA:17,2
DA:18,1
DA:19,2
DA:20,4
LF:6
LH:6
end_of_record
SF:lib/features/auth/presentation/blocs/sign_in_form/sign_in_form_bloc.dart
DA:18,0
DA:20,0
DA:21,0
DA:24,0
DA:28,0
DA:30,0
DA:33,0
DA:35,0
DA:37,0
LF:9
LH:0
end_of_record
SF:lib/features/auth/presentation/blocs/sign_in_form/sign_in_form_state.dart
DA:10,0
DA:11,0
LF:2
LH:0
end_of_record
SF:lib/features/auth/presentation/pages/sign_in_page.dart
DA:17,0
DA:20,0
DA:24,0
DA:26,0
DA:27,0
DA:28,0
DA:29,0
DA:30,0
DA:31,0
DA:32,0
DA:33,0
DA:34,0
DA:37,0
DA:38,0
DA:45,0
DA:46,0
DA:47,0
DA:48,0
DA:50,0
DA:51,0
DA:54,0
DA:55,0
DA:57,0
DA:58,0
DA:60,0
DA:66,0
DA:67,0
DA:68,0
DA:69,0
DA:71,0
DA:72,0
DA:73,0
DA:75,0
DA:77,0
DA:79,0
DA:82,0
DA:83,0
DA:85,0
DA:86,0
DA:87,0
DA:88,0
DA:92,0
DA:93,0
DA:95,0
DA:96,0
DA:107,0
DA:108,0
DA:109,0
LF:48
LH:0
end_of_record
SF:lib/features/auth/presentation/widgets/terms_of_service.dart
DA:7,9
DA:9,0
DA:11,0
DA:12,0
DA:13,0
DA:15,0
DA:24,0
DA:31,0
DA:38,0
DA:45,0
DA:52,0
DA:59,0
DA:66,0
DA:73,0
DA:74,0
DA:76,0
DA:85,0
DA:92,0
DA:99,0
DA:106,0
DA:113,0
DA:120,0
DA:133,9
DA:137,0
DA:142,0
DA:144,0
DA:145,0
DA:147,0
DA:148,0
DA:149,0
DA:150,0
DA:151,0
DA:155,0
DA:156,0
DA:157,0
DA:158,0
DA:159,0
DA:163,0
DA:165,0
DA:167,0
LF:40
LH:2
end_of_record
SF:lib/styles/bottom_sheet/bottom_sheet.dart
DA:7,0
DA:12,0
DA:16,0
DA:17,0
DA:18,0
DA:21,0
DA:22,0
DA:23,0
DA:24,0
DA:26,0
DA:27,0
DA:28,0
DA:29,0
DA:30,0
DA:31,0
DA:32,0
DA:34,0
DA:35,0
DA:36,0
DA:38,0
DA:39,0
DA:40,0
DA:41,0
DA:42,0
DA:43,0
DA:44,0
DA:45,0
DA:46,0
DA:51,0
DA:52,0
DA:53,0
DA:55,0
DA:56,0
DA:57,0
DA:58,0
DA:61,0
DA:62,0
DA:65,0
LF:38
LH:0
end_of_record
SF:lib/styles/buttons/primary_button.dart
DA:8,0
DA:13,0
DA:19,0
DA:21,0
DA:24,0
DA:26,0
DA:30,0
DA:31,0
DA:32,0
DA:33,0
DA:36,0
DA:40,0
DA:41,0
DA:42,0
DA:43,0
DA:45,0
DA:47,0
DA:48,0
DA:49,0
DA:50,0
DA:51,0
DA:52,0
DA:53,0
DA:54,0
DA:55,0
LF:25
LH:0
end_of_record
SF:lib/styles/colors.dart
DA:5,0
DA:8,0
DA:11,0
DA:14,0
DA:17,0
DA:22,0
DA:25,0
DA:28,0
DA:31,0
DA:34,0
DA:37,0
DA:40,0
DA:43,0
DA:46,0
DA:51,0
DA:54,0
DA:57,0
DA:60,0
LF:18
LH:0
end_of_record
SF:lib/styles/image_render_widget.dart
DA:7,0
DA:20,0
DA:22,0
DA:23,0
DA:24,0
DA:25,0
DA:26,0
DA:27,0
DA:28,0
DA:29,0
DA:30,0
DA:31,0
DA:36,0
DA:37,0
DA:38,0
DA:39,0
DA:40,0
DA:41,0
DA:42,0
DA:44,0
LF:20
LH:0
end_of_record
SF:lib/styles/typography.dart
DA:8,0
DA:10,0
DA:11,0
DA:13,0
DA:14,0
DA:15,0
DA:16,0
DA:18,0
DA:23,0
DA:24,0
DA:25,0
DA:26,0
DA:28,0
DA:33,0
DA:34,0
DA:35,0
DA:36,0
DA:38,0
DA:39,0
DA:44,0
DA:45,0
DA:46,0
DA:47,0
DA:49,0
DA:50,0
DA:55,0
DA:56,0
DA:57,0
DA:58,0
DA:60,0
DA:61,0
DA:66,0
DA:67,0
DA:68,0
DA:69,0
DA:71,0
DA:72,0
DA:77,0
DA:78,0
DA:79,0
DA:80,0
DA:82,0
DA:83,0
DA:88,0
DA:89,0
DA:90,0
DA:91,0
DA:93,0
DA:94,0
DA:99,0
DA:100,0
DA:101,0
DA:102,0
DA:104,0
DA:105,0
DA:112,0
DA:113,0
LF:57
LH:0
end_of_record
SF:lib/widgets/clickable_text_widget.dart
DA:10,0
DA:16,0
DA:18,0
DA:21,0
DA:25,0
DA:27,0
DA:28,0
DA:29,0
DA:32,0
DA:33,0
DA:34,0
DA:35,0
DA:39,0
DA:40,0
DA:42,0
DA:45,0
DA:53,0
DA:54,0
DA:59,0
DA:60,0
DA:61,0
DA:68,0
DA:70,0
DA:73,0
DA:77,0
LF:25
LH:0
end_of_record
SF:lib/utils/urls/url_launcher.dart
DA:3,0
DA:4,0
DA:7,0
DA:11,0
DA:13,0
DA:15,0
DA:18,0
DA:20,0
DA:23,0
DA:26,0
DA:27,0
DA:28,0
DA:29,0
LF:13
LH:0
end_of_record
SF:lib/features/auth/domain/usecases/watch_current_user.dart
DA:13,1
DA:15,1
DA:17,2
LF:3
LH:3
end_of_record
SF:lib/features/auth/domain/usecases/sign_out.dart
DA:11,1
DA:13,1
DA:15,2
LF:3
LH:3
end_of_record
SF:lib/services/storage/storage_service.dart
DA:10,1
DA:13,1
DA:19,2
DA:21,2
DA:25,1
DA:31,1
DA:33,1
DA:36,1
DA:37,2
LF:9
LH:9
end_of_record
