SF:lib/features/chat/data/models/member_dtos.dart
DA:10,4
DA:17,2
DA:18,2
DA:20,2
DA:21,2
DA:22,2
DA:23,3
DA:24,3
DA:25,3
LF:9
LH:9
end_of_record
SF:lib/features/chat/data/models/member_dtos.g.dart
DA:9,2
DA:10,2
DA:11,2
DA:12,2
DA:13,2
DA:16,1
DA:17,1
DA:19,1
DA:21,1
DA:25,2
DA:26,2
DA:27,2
LF:12
LH:12
end_of_record
SF:lib/features/chat/domain/entities/room.dart
DA:11,3
DA:12,12
DA:15,4
DA:16,2
DA:21,25
DA:33,3
LF:6
LH:6
end_of_record
SF:lib/features/chat/domain/entities/message.dart
DA:10,3
DA:12,12
DA:16,0
DA:17,0
DA:22,26
DA:35,3
DA:44,0
DA:45,0
DA:46,0
DA:51,0
DA:57,0
LF:11
LH:4
end_of_record
SF:lib/features/chat/domain/entities/member.dart
DA:5,25
DA:12,3
LF:2
LH:2
end_of_record
SF:lib/features/chat/data/datasources/message_remote_datasource.dart
DA:41,1
DA:47,1
DA:54,1
DA:57,3
DA:60,1
DA:61,2
DA:66,2
DA:67,3
DA:74,2
DA:75,1
DA:77,2
DA:81,1
DA:82,2
DA:87,1
DA:92,1
DA:93,1
DA:94,1
DA:95,2
DA:98,6
DA:99,1
DA:100,0
DA:102,0
DA:110,1
DA:112,3
DA:114,1
DA:115,1
DA:116,1
DA:117,2
DA:118,1
DA:119,2
DA:120,2
DA:123,6
DA:124,1
DA:125,0
DA:126,0
DA:133,1
DA:135,1
DA:136,2
DA:137,2
DA:139,2
DA:140,3
DA:142,1
DA:143,0
DA:144,0
DA:149,1
DA:155,1
DA:156,2
DA:157,1
DA:159,1
DA:163,1
DA:164,2
LF:51
LH:45
end_of_record
SF:lib/features/chat/data/models/message_dtos.dart
DA:12,4
DA:24,2
DA:25,2
DA:27,1
DA:28,1
DA:29,1
DA:30,1
DA:31,2
DA:32,1
DA:33,2
DA:34,1
DA:35,1
DA:36,0
DA:38,2
DA:42,2
DA:43,2
DA:44,2
DA:45,2
DA:46,2
DA:47,4
DA:48,2
DA:49,6
DA:50,4
DA:51,2
DA:52,2
LF:25
LH:24
end_of_record
SF:lib/features/chat/data/models/message_dtos.g.dart
DA:9,2
DA:10,2
DA:11,2
DA:12,2
DA:13,2
DA:14,2
DA:15,2
DA:16,2
DA:18,0
DA:19,4
DA:20,4
DA:21,4
DA:26,2
DA:27,2
DA:29,2
DA:31,2
DA:35,4
DA:36,4
DA:37,4
DA:38,4
DA:39,4
DA:40,4
DA:41,2
DA:42,4
DA:43,4
LF:25
LH:24
end_of_record
SF:lib/features/chat/data/datasources/room_remote_datasource.dart
DA:26,1
DA:31,1
DA:35,2
DA:36,2
DA:37,2
DA:40,1
DA:41,2
DA:42,1
DA:44,6
DA:45,1
DA:47,1
DA:48,2
DA:49,2
DA:54,2
DA:59,2
DA:61,1
DA:64,1
DA:69,1
DA:70,1
DA:71,4
DA:75,1
DA:84,1
DA:87,2
DA:89,1
DA:98,1
DA:101,3
DA:104,1
DA:105,2
DA:106,1
DA:107,1
DA:108,1
DA:110,6
DA:111,1
DA:112,0
DA:121,1
DA:123,1
DA:124,1
DA:125,2
DA:126,6
DA:127,1
DA:128,0
DA:137,1
DA:139,4
DA:141,1
DA:142,1
DA:143,0
DA:152,1
DA:155,3
DA:156,3
DA:157,1
DA:160,1
DA:169,1
DA:172,3
DA:173,3
DA:174,1
DA:177,1
LF:56
LH:53
end_of_record
SF:lib/features/chat/data/models/room_dtos.dart
DA:12,4
DA:24,2
DA:25,2
DA:27,2
DA:28,2
DA:30,2
DA:31,2
DA:32,4
DA:33,2
DA:34,4
DA:35,2
DA:36,2
DA:37,2
DA:38,6
LF:14
LH:14
end_of_record
SF:lib/features/chat/data/models/room_dtos.g.dart
DA:9,2
DA:10,2
DA:11,2
DA:13,8
DA:14,2
DA:15,2
DA:16,2
DA:17,2
DA:18,2
DA:19,4
DA:22,2
DA:23,2
DA:25,2
DA:27,2
DA:31,4
DA:32,4
DA:33,4
DA:34,4
DA:35,4
DA:36,4
DA:37,4
DA:38,2
DA:39,4
LF:23
LH:23
end_of_record
SF:lib/features/chat/data/repositories/chat_repository_impl.dart
DA:22,1
DA:26,1
DA:36,0
DA:38,1
DA:40,1
DA:44,2
DA:50,1
DA:51,1
DA:52,1
DA:54,1
DA:59,1
DA:63,1
DA:69,1
DA:70,2
DA:74,2
DA:76,1
DA:77,1
DA:78,1
DA:80,1
DA:86,1
DA:90,1
DA:93,2
DA:94,1
DA:95,1
DA:96,1
DA:98,1
DA:104,1
DA:108,1
DA:110,4
DA:112,0
DA:115,4
DA:117,1
DA:118,2
DA:119,1
DA:125,2
DA:127,1
DA:131,1
DA:133,6
DA:135,0
DA:138,4
DA:140,1
DA:141,2
DA:142,1
DA:148,2
DA:150,1
DA:154,1
DA:156,4
DA:158,0
DA:161,2
DA:162,2
DA:163,1
DA:169,2
DA:171,1
DA:175,1
DA:180,1
DA:181,1
DA:182,2
DA:184,0
DA:187,4
DA:188,1
DA:189,2
DA:190,1
DA:196,2
DA:198,1
DA:202,1
DA:205,2
DA:206,1
DA:207,1
DA:208,1
DA:210,1
DA:215,1
DA:219,1
DA:222,2
DA:223,1
DA:224,1
DA:225,1
DA:227,1
DA:232,1
DA:236,1
DA:238,4
DA:240,0
DA:243,4
DA:244,1
DA:245,2
DA:246,2
DA:248,1
DA:253,1
DA:257,1
DA:259,4
DA:261,0
DA:264,2
DA:265,2
DA:266,2
DA:268,1
DA:273,1
LF:95
LH:88
end_of_record
SF:lib/features/chat/domain/usecases/add_room.dart
DA:15,1
DA:17,1
DA:19,1
DA:20,2
DA:23,5
DA:24,0
DA:28,2
DA:29,1
DA:30,2
DA:39,2
DA:44,1
DA:45,2
DA:49,2
DA:57,2
DA:59,0
DA:60,0
LF:16
LH:13
end_of_record
SF:lib/features/chat/domain/usecases/enter_room.dart
DA:13,1
DA:15,1
DA:17,3
DA:19,3
DA:26,1
DA:28,1
DA:29,2
DA:35,0
DA:36,0
LF:9
LH:7
end_of_record
SF:lib/features/chat/domain/usecases/exit_room.dart
DA:13,1
DA:15,1
DA:17,3
DA:19,3
DA:26,1
DA:28,1
DA:29,2
DA:35,0
DA:36,0
LF:9
LH:7
end_of_record
SF:lib/features/chat/domain/usecases/watch_members.dart
DA:16,1
DA:18,1
DA:20,4
DA:22,3
DA:29,2
DA:33,1
DA:34,2
DA:40,0
DA:41,0
LF:9
LH:7
end_of_record
SF:lib/features/chat/domain/usecases/remove_room.dart
DA:13,1
DA:15,1
DA:17,3
DA:19,3
DA:26,1
DA:28,1
DA:29,2
DA:35,0
DA:36,0
LF:9
LH:7
end_of_record
SF:lib/features/chat/domain/usecases/watch_messages.dart
DA:16,1
DA:18,1
DA:20,4
DA:22,2
DA:23,1
DA:24,1
DA:33,1
DA:38,1
DA:39,2
DA:43,4
DA:50,0
DA:51,0
LF:12
LH:10
end_of_record
SF:lib/features/chat/domain/usecases/watch_chat_room.dart
DA:14,1
DA:16,1
DA:18,4
DA:20,3
DA:27,1
DA:31,1
DA:32,2
DA:38,0
DA:39,0
LF:9
LH:7
end_of_record
SF:lib/features/chat/domain/usecases/watch_unread_messages.dart
DA:16,1
DA:18,1
DA:21,4
DA:23,3
DA:30,1
DA:34,1
DA:35,2
DA:41,0
DA:42,0
LF:9
LH:7
end_of_record
SF:lib/features/chat/domain/usecases/add_message.dart
DA:16,1
DA:18,1
DA:20,3
DA:22,2
DA:23,1
DA:24,1
DA:25,1
DA:26,1
DA:27,1
DA:39,1
DA:46,1
DA:47,2
DA:53,0
DA:54,0
LF:14
LH:12
end_of_record
SF:lib/features/chat/domain/usecases/watch_chat_rooms.dart
DA:14,1
DA:16,1
DA:18,2
LF:3
LH:3
end_of_record
SF:lib/features/chat/domain/usecases/watch_last_message.dart
DA:15,1
DA:17,1
DA:19,4
DA:20,3
DA:27,1
DA:29,1
DA:30,2
DA:36,0
DA:37,0
LF:9
LH:7
end_of_record
SF:lib/features/account/domain/entities/account.dart
DA:9,19
DA:21,3
DA:32,1
DA:33,1
DA:34,1
DA:35,1
DA:36,1
DA:37,1
DA:38,1
DA:39,1
DA:40,1
DA:41,1
DA:45,3
LF:13
LH:13
end_of_record
SF:lib/features/contacts/data/models/contact_dtos.dart
DA:12,2
DA:25,1
DA:26,1
DA:28,1
DA:29,1
DA:30,1
DA:31,1
DA:32,1
DA:33,1
DA:34,1
DA:35,1
DA:36,1
DA:37,3
DA:41,1
DA:42,1
DA:43,1
DA:44,1
DA:45,1
DA:46,1
DA:47,1
DA:48,1
DA:49,1
DA:50,1
DA:51,2
DA:52,2
LF:25
LH:25
end_of_record
SF:lib/features/contacts/data/models/contact_dtos.g.dart
DA:9,1
DA:10,1
DA:11,1
DA:12,1
DA:13,1
DA:14,1
DA:15,1
DA:16,1
DA:17,1
DA:18,1
DA:19,1
DA:20,2
DA:21,1
DA:24,1
DA:25,1
DA:27,1
DA:29,1
DA:33,2
DA:34,2
DA:35,2
DA:36,2
DA:37,2
DA:38,2
DA:39,2
DA:40,2
DA:41,2
LF:26
LH:26
end_of_record
SF:lib/features/contacts/domain/entities/contact.dart
DA:9,4
DA:22,2
LF:2
LH:2
end_of_record
SF:lib/features/account/domain/usecases/remove_account.dart
DA:12,1
DA:14,1
DA:16,3
DA:23,1
DA:25,0
DA:26,0
LF:6
LH:4
end_of_record
SF:lib/features/account/data/datasources/account_remote_datasource.dart
DA:23,1
DA:28,1
DA:31,4
DA:32,1
DA:35,1
DA:44,1
DA:46,1
DA:47,1
DA:48,5
DA:49,2
DA:50,1
DA:54,1
DA:55,0
DA:56,0
DA:66,1
DA:68,1
DA:70,2
DA:73,1
DA:74,1
DA:75,6
DA:76,1
DA:77,0
DA:78,0
DA:88,1
DA:91,1
DA:93,2
DA:95,3
DA:97,1
DA:107,1
DA:111,2
DA:113,2
DA:114,0
DA:116,0
DA:119,1
LF:34
LH:28
end_of_record
SF:lib/features/account/data/models/account_dtos.dart
DA:11,9
DA:23,2
DA:24,2
DA:26,2
DA:27,2
DA:28,2
DA:29,2
DA:30,2
DA:31,2
DA:32,2
DA:33,2
DA:34,2
DA:35,6
DA:39,2
DA:40,2
DA:41,2
DA:42,2
DA:43,2
DA:44,2
DA:45,2
DA:46,2
DA:47,2
DA:48,2
DA:49,4
LF:24
LH:24
end_of_record
SF:lib/features/account/data/models/account_dtos.g.dart
DA:9,2
DA:10,2
DA:11,2
DA:12,2
DA:13,2
DA:14,2
DA:15,2
DA:16,2
DA:17,2
DA:18,2
DA:19,4
DA:20,2
DA:23,2
DA:24,2
DA:26,2
DA:28,2
DA:32,4
DA:33,4
DA:34,4
DA:35,4
DA:36,4
DA:37,4
DA:38,4
DA:39,4
LF:24
LH:24
end_of_record
SF:lib/features/account/data/repositories/account_repository_impl.dart
DA:18,1
DA:21,1
DA:24,3
DA:25,1
DA:26,1
DA:27,1
DA:29,0
DA:34,0
DA:38,1
DA:40,4
DA:42,0
DA:45,2
DA:46,2
DA:47,2
DA:49,0
DA:55,0
DA:59,1
DA:61,4
DA:63,1
DA:66,4
DA:67,1
DA:68,2
DA:69,1
DA:70,1
DA:73,0
DA:79,0
DA:83,1
DA:86,2
DA:87,1
DA:88,1
DA:89,1
DA:91,0
DA:97,0
DA:101,1
DA:104,2
DA:105,1
DA:106,1
DA:107,0
DA:109,1
DA:115,1
LF:40
LH:30
end_of_record
SF:lib/features/account/domain/usecases/watch_accounts.dart
DA:16,1
DA:18,1
DA:20,3
DA:27,1
DA:31,0
DA:32,0
LF:6
LH:4
end_of_record
SF:lib/features/account/domain/usecases/save_account.dart
DA:14,1
DA:15,1
DA:17,3
DA:24,1
DA:28,0
DA:29,0
LF:6
LH:4
end_of_record
SF:lib/features/account/domain/usecases/watch_account.dart
DA:13,1
DA:14,1
DA:16,2
LF:3
LH:3
end_of_record
SF:lib/features/account/domain/usecases/set_online_status.dart
DA:13,1
DA:17,1
DA:19,3
DA:26,1
DA:30,0
DA:31,0
LF:6
LH:4
end_of_record
